<?xml version="1.0" encoding="UTF-8"?>
<!-- Generated by org.testng.reporters.JUnitXMLReporter -->
<testsuite ignored="0" hostname="Tittu" failures="0" tests="6" name="Default test" time="5.94" errors="0" timestamp="2024-10-17T12:54:10 PDT">
  <testcase classname="api.test.datadriventest" name="dduserstest_post" time="2.437"/>
  <testcase classname="api.test.datadriventest" name="dduserstest_post" time="0.415"/>
  <testcase classname="api.test.datadriventest" name="dduserstest_post" time="0.412"/>
  <testcase classname="api.test.datadriventest" name="deleteallcreatedusers_indatabase" time="0.46"/>
  <testcase classname="api.test.datadriventest" name="deleteallcreatedusers_indatabase" time="0.416"/>
  <testcase classname="api.test.datadriventest" name="deleteallcreatedusers_indatabase" time="0.415"/>
</testsuite> <!-- Default test -->
