<?xml version="1.0" encoding="UTF-8"?>
<testng-results ignored="0" total="4" passed="4" failed="0" skipped="0">
  <reporter-output>
  </reporter-output>
  <suite started-at="2024-10-17T16:30:51 PDT" name="Suite" finished-at="2024-10-17T16:30:57 PDT" duration-ms="6044">
    <groups>
    </groups>
    <test started-at="2024-10-17T16:30:51 PDT" name="Test" finished-at="2024-10-17T16:30:57 PDT" duration-ms="6044">
      <class name="api.test.Usertests2">
        <test-method is-config="true" signature="setdata()[pri:0, instance:api.test.Usertests2@41a2befb]" started-at="2024-10-17T16:30:51 PDT" name="setdata" finished-at="2024-10-17T16:30:52 PDT" duration-ms="785" status="PASS">
          <reporter-output>
          </reporter-output>
        </test-method> <!-- setdata -->
        <test-method signature="testpostmethod()[pri:1, instance:api.test.Usertests2@41a2befb]" started-at="2024-10-17T16:30:52 PDT" name="testpostmethod" finished-at="2024-10-17T16:30:55 PDT" duration-ms="2877" status="PASS">
          <reporter-output>
          </reporter-output>
        </test-method> <!-- testpostmethod -->
        <test-method signature="testgetmethod()[pri:2, instance:api.test.Usertests2@41a2befb]" started-at="2024-10-17T16:30:55 PDT" name="testgetmethod" finished-at="2024-10-17T16:30:55 PDT" duration-ms="445" status="PASS">
          <reporter-output>
          </reporter-output>
        </test-method> <!-- testgetmethod -->
        <test-method signature="testputmethod()[pri:3, instance:api.test.Usertests2@41a2befb]" started-at="2024-10-17T16:30:55 PDT" name="testputmethod" finished-at="2024-10-17T16:30:57 PDT" duration-ms="1155" status="PASS">
          <reporter-output>
          </reporter-output>
        </test-method> <!-- testputmethod -->
        <test-method signature="testdeletemethod()[pri:4, instance:api.test.Usertests2@41a2befb]" started-at="2024-10-17T16:30:57 PDT" name="testdeletemethod" finished-at="2024-10-17T16:30:57 PDT" duration-ms="429" status="PASS">
          <reporter-output>
          </reporter-output>
        </test-method> <!-- testdeletemethod -->
      </class> <!-- api.test.Usertests2 -->
    </test> <!-- Test -->
  </suite> <!-- Suite -->
</testng-results>
